<?xml version="1.0" encoding="UTF-8"?>
<testng-results ignored="0" total="1" passed="1" failed="0" skipped="0">
  <reporter-output>
  </reporter-output>
  <suite started-at="2022-08-02T12:20:40 IST" name="Suite" finished-at="2022-08-02T12:20:47 IST" duration-ms="6932">
    <groups>
    </groups>
    <test started-at="2022-08-02T12:20:40 IST" name="Test" finished-at="2022-08-02T12:20:47 IST" duration-ms="6932">
      <class name="Pac.Facebook">
        <test-method signature="faceBook()[pri:0, instance:Pac.Facebook@28f2a10f]" started-at="2022-08-02T12:20:40 IST" name="faceBook" finished-at="2022-08-02T12:20:47 IST" duration-ms="6879" status="PASS">
          <reporter-output>
          </reporter-output>
        </test-method> <!-- faceBook -->
      </class> <!-- Pac.Facebook -->
    </test> <!-- Test -->
  </suite> <!-- Suite -->
</testng-results>
