<?xml version="1.0" encoding="UTF-8"?>
<testng-results ignored="0" total="1" passed="1" failed="0" skipped="0">
  <reporter-output>
  </reporter-output>
  <suite started-at="2022-08-03T09:05:52 IST" name="Default suite" finished-at="2022-08-03T09:06:02 IST" duration-ms="9641">
    <groups>
    </groups>
    <test started-at="2022-08-03T09:05:52 IST" name="Default test" finished-at="2022-08-03T09:06:02 IST" duration-ms="9641">
      <class name="Pac.Facebook">
        <test-method signature="faceBook()[pri:0, instance:Pac.Facebook@20ccf40b]" started-at="2022-08-03T09:05:52 IST" name="faceBook" finished-at="2022-08-03T09:06:02 IST" duration-ms="9583" status="PASS">
          <reporter-output>
          </reporter-output>
        </test-method> <!-- faceBook -->
      </class> <!-- Pac.Facebook -->
    </test> <!-- Default test -->
  </suite> <!-- Default suite -->
</testng-results>
